
 Γ¢à∩╕Å wrangler 4.90.0
ΓöÇΓöÇΓöÇΓöÇΓöÇΓöÇΓöÇΓöÇΓöÇΓöÇΓöÇΓöÇΓöÇΓöÇΓöÇΓöÇΓöÇΓöÇΓöÇ
≡ƒîÇ Building list of assets...
Γ£¿ Read 4101 files from the assets directory C:\Users\Jintsu\Desktop\livestream\loom-hostinger\sites\DevChat
≡ƒîÇ Starting asset upload...
≡ƒîÇ Found 3 new or modified static assets to upload. Proceeding with upload...
+ /ad-player.html
+ /DevChat.html
+ /app.js
Uploaded 1 of 3 assets
Uploaded 2 of 3 assets
Uploaded 3 of 3 assets
Γ£¿ Success! Uploaded 3 files (9 already uploaded) (1.25 sec)

Total Upload: 12.76 KiB / gzip: 3.24 KiB
Your Worker has access to the following bindings:
Binding                                                Resource          
env.DEVCHAT_KV (700ef8ab3c9a47d9ac3a99629995d899)      KV Namespace      
env.ASSETS                                             Assets            

Uploaded devchat (8.14 sec)
Deployed devchat triggers (0.79 sec)
  https://devchat.jintsu67.workers.dev
Current Version ID: 25940989-2daf-4a67-be73-3bbc4d50ce3d
